<?xml version="1.0" encoding="UTF-8"?>
<!-- Generated by org.testng.reporters.JUnitReportReporter -->
<testsuite skipped="0" hostname="Dell-PC" name="com.jira.functionaltest.RestProjectJira" tests="1" failures="0" timestamp="15 Sep 2020 18:56:31 GMT" time="4.171" errors="0">
  <testcase name="onlyCreatTicket" time="4.171" classname="com.jira.functionaltest.RestProjectJira"/>
</testsuite> <!-- com.jira.functionaltest.RestProjectJira -->
